303 nets failed to route:
 B[4]
 _303_
 B[2_bF$buf1]
 _708_
 _413_
 _434_
 _268_
 _234_
 _433_
 _406_
 _35_
 _778_
 _299__bF$buf1
 _4_
 _186_
 _149_
 _172_
 _200_
 _162_
 _387__bF$buf0
 _249_
 _605_
 _707_
 _486__bF$buf2
 _767_
 _820_
 _38_
 _104_
 _107_
 B[1]
 _7_
 _21_
 _486_
 _730_
 _520_
 _456_
 _334_
 _400_
 _299__bF$buf3
 _435_
 _675_
 _50_
 _15_
 _488_
 _222_
 _671_
 _682_
 _438_
 _310_
 _397_
 _510_
 _476_
 _389_
 A[3]
 _668_
 _321_
 B[2_bF$buf1]
 _553_
 _522_
 _333_
 _264_
 _750_
 _426_
 _673_
 _463_
 _454_
 _590_
 _223_
 A[5]
 _503_
 A[4]
 _0_[3]
 _371_
 _521_
 _361_
 _206_
 _731_
 _392_
 _474_
 _493_
 _794_
 _398_
 _405_
 _377_
 _309_
 _350_
 _330_
 _345_
 _265_
 _236_
 _67_
 _56_
 _815_
 _51_
 _288_
 _500_
 _560_
 B[5]
 _620_
 _683_
 _228_
 B[6]
 _800_
 _346_
 _319_
 _277_
 _729_
 _753_
 _429_
 _71_
 _29_
 _102_
 _84_
 _61_
 A[0]
 _513_
 _387__bF$buf2
 _386_
 _796_
 B[7]
 _548_
 _748_
 _747_
 _581_
 _70_
 _10_
 _401_
 _455_
 _722_
 _733_
 _320_
 _110_
 _157_
 _98_
 _811_
 _387__bF$buf2
 _511_
 _169_
 _385_
 _0_[5]
 _383_
 _431_
 _774_
 _195_
 _150_
 _193_
 _136_
 _79_
 _258_
 _365_
 _25_
 _396_
 _387__bF$buf2
 B[3]
 _478_
 _472_
 _466_
 _438_
 _629_
 _470_
 _376_
 _394_
 _45_
 _547_
 _614_
 _557_
 _338_
 _335_
 _299__bF$buf2
 _247_
 _368_
 _297_
 A[2]
 _464_
 _304_
 _509_
 _447_
 _469_
 _594_
 _425_
 _580_
 _621_
 A[6]
 _795_
 _484_
 _244_
 _555_
 _537_
 _272_
 _314_
 _214_
 _212_
 _273_
 _210_
 _208_
 _363_
 _146_
 _204_
 _220_
 _46_
 _43_
 _28_
 _486__bF$buf3
 _177_
 _205_
 _409_
 _246_
 _224_
 _271_
 _217_
 _276_
 _279_
 _343_
 _776_
 _387__bF$buf3
 _407_
 _790_
 _473_
 _460_
 _477_
 _622_
 _478_
 _630_
 _402_
 _451_
 _479_
 _577_
 _443_
 _415_
 B[1_bF$buf1]
 _551_
 A[0]
 _298_
 B[1_bF$buf2]
 _108_
 _808_
 _700_
 _354_
 A[1]
 B[0]
 _711_
 _49_
 _115_
 _40_
 _23_
 _32_
 _777_
 _491_
 _445_
 _589_
 _437_
 select[0]
 A[5]
 B[1_bF$buf3]
 _534_
 _171_
 _256_
 _197_
 _159_
 _168_
 B[2_bF$buf2]
 _809_
 _270_
 _219_
 _387__bF$buf2
 _417_
 _455_
 _390_
 _151_
 _103_
 _403_
 _504_
 _779_
 _502_
 _247_
 _387_
 _104_
 _458_
 A[7]
 _332_
 _8_
 _295_
 B[1_bF$buf0]
 _387__bF$buf1
 _798_
 _170_
 _185_
 _705_
 _101_
 _166_
 _328_
 _327_
 _486__bF$buf1
 _131_
 _132_
 _112_
 _744_
 _92_
 _144_
 _657_
 _59_
 _280_
 _252_
